<?xml version="1.0" encoding="UTF-8"?>
<testsuite xmlns:xsi="http://www.w3.org/2001/XMLSchema-instance" xsi:noNamespaceSchemaLocation="https://maven.apache.org/surefire/maven-surefire-plugin/xsd/surefire-test-report-3.0.xsd" version="3.0" name="csc335.app.OtherTest" time="0.002" tests="1" errors="0" skipped="0" failures="0">
  <properties>
    <property name="java.specification.version" value="23"/>
    <property name="sun.jnu.encoding" value="UTF-8"/>
    <property name="java.class.path" value="/Users/genesisbenedith/Documents/GitHub/csc335Workspace/final project/financial-management-app/csc335-final-project/target/test-classes:/Users/genesisbenedith/Documents/GitHub/csc335Workspace/final project/financial-management-app/csc335-final-project/target/classes:/Users/genesisbenedith/.m2/repository/org/junit/jupiter/junit-jupiter-api/5.11.3/junit-jupiter-api-5.11.3.jar:/Users/genesisbenedith/.m2/repository/org/opentest4j/opentest4j/1.3.0/opentest4j-1.3.0.jar:/Users/genesisbenedith/.m2/repository/org/junit/platform/junit-platform-commons/1.11.3/junit-platform-commons-1.11.3.jar:/Users/genesisbenedith/.m2/repository/org/apiguardian/apiguardian-api/1.1.2/apiguardian-api-1.1.2.jar:/Users/genesisbenedith/.m2/repository/org/junit/jupiter/junit-jupiter-engine/5.11.3/junit-jupiter-engine-5.11.3.jar:/Users/genesisbenedith/.m2/repository/org/junit/platform/junit-platform-engine/1.11.3/junit-platform-engine-1.11.3.jar:/Users/genesisbenedith/.m2/repository/org/openjfx/javafx-controls/21.0.4/javafx-controls-21.0.4.jar:/Users/genesisbenedith/.m2/repository/org/openjfx/javafx-controls/21.0.4/javafx-controls-21.0.4-mac-aarch64.jar:/Users/genesisbenedith/.m2/repository/org/openjfx/javafx-graphics/21.0.4/javafx-graphics-21.0.4.jar:/Users/genesisbenedith/.m2/repository/org/openjfx/javafx-graphics/21.0.4/javafx-graphics-21.0.4-mac-aarch64.jar:/Users/genesisbenedith/.m2/repository/org/openjfx/javafx-base/21.0.4/javafx-base-21.0.4.jar:/Users/genesisbenedith/.m2/repository/org/openjfx/javafx-base/21.0.4/javafx-base-21.0.4-mac-aarch64.jar:/Users/genesisbenedith/.m2/repository/org/openjfx/javafx-fxml/21.0.4/javafx-fxml-21.0.4.jar:/Users/genesisbenedith/.m2/repository/org/openjfx/javafx-fxml/21.0.4/javafx-fxml-21.0.4-mac-aarch64.jar:/Users/genesisbenedith/.m2/repository/com/jfoenix/jfoenix/9.0.10/jfoenix-9.0.10.jar:/Users/genesisbenedith/.m2/repository/de/jensd/fontawesomefx/8.9/fontawesomefx-8.9.jar:/Users/genesisbenedith/.m2/repository/io/github/palexdev/materialfx-all/11.26.8/materialfx-all-11.26.8.jar:/Users/genesisbenedith/.m2/repository/io/github/palexdev/mfxcore/11.11.1/mfxcore-11.11.1.jar:/Users/genesisbenedith/.m2/repository/io/github/palexdev/materialfx/11.17.0/materialfx-11.17.0.jar:/Users/genesisbenedith/.m2/repository/io/github/palexdev/mfxlocalization/11.1.0/mfxlocalization-11.1.0.jar:/Users/genesisbenedith/.m2/repository/io/github/palexdev/mfxresources/11.12.0/mfxresources-11.12.0.jar:/Users/genesisbenedith/.m2/repository/io/github/palexdev/mfxcomponents/11.26.8/mfxcomponents-11.26.8.jar:/Users/genesisbenedith/.m2/repository/io/github/palexdev/mfxeffects/11.4.1/mfxeffects-11.4.1.jar:/Users/genesisbenedith/.m2/repository/io/github/palexdev/virtualizedfx/11.9.6/virtualizedfx-11.9.6.jar:/Users/genesisbenedith/.m2/repository/org/jacoco/jacoco-maven-plugin/0.8.12/jacoco-maven-plugin-0.8.12.jar:/Users/genesisbenedith/.m2/repository/org/codehaus/plexus/plexus-utils/3.0.24/plexus-utils-3.0.24.jar:/Users/genesisbenedith/.m2/repository/org/apache/maven/shared/file-management/3.1.0/file-management-3.1.0.jar:/Users/genesisbenedith/.m2/repository/org/slf4j/slf4j-api/1.7.36/slf4j-api-1.7.36.jar:/Users/genesisbenedith/.m2/repository/commons-io/commons-io/2.11.0/commons-io-2.11.0.jar:/Users/genesisbenedith/.m2/repository/org/apache/maven/reporting/maven-reporting-api/3.0/maven-reporting-api-3.0.jar:/Users/genesisbenedith/.m2/repository/org/apache/maven/doxia/doxia-sink-api/1.0/doxia-sink-api-1.0.jar:/Users/genesisbenedith/.m2/repository/org/jacoco/org.jacoco.agent/0.8.12/org.jacoco.agent-0.8.12-runtime.jar:/Users/genesisbenedith/.m2/repository/org/jacoco/org.jacoco.core/0.8.12/org.jacoco.core-0.8.12.jar:/Users/genesisbenedith/.m2/repository/org/ow2/asm/asm/9.7/asm-9.7.jar:/Users/genesisbenedith/.m2/repository/org/ow2/asm/asm-commons/9.7/asm-commons-9.7.jar:/Users/genesisbenedith/.m2/repository/org/ow2/asm/asm-tree/9.7/asm-tree-9.7.jar:/Users/genesisbenedith/.m2/repository/org/jacoco/org.jacoco.report/0.8.12/org.jacoco.report-0.8.12.jar:/Users/genesisbenedith/.m2/repository/com/dlsc/gemsfx/gemsfx/2.69.0/gemsfx-2.69.0.jar:/Users/genesisbenedith/.m2/repository/net/synedra/validatorfx/0.5.0/validatorfx-0.5.0.jar:/Users/genesisbenedith/.m2/repository/com/dlsc/unitfx/unitfx/1.0.10/unitfx-1.0.10.jar:/Users/genesisbenedith/.m2/repository/tech/units/indriya/2.1.2/indriya-2.1.2.jar:/Users/genesisbenedith/.m2/repository/javax/measure/unit-api/2.1.2/unit-api-2.1.2.jar:/Users/genesisbenedith/.m2/repository/tech/uom/lib/uom-lib-common/2.1/uom-lib-common-2.1.jar:/Users/genesisbenedith/.m2/repository/javax/inject/javax.inject/1/javax.inject-1.jar:/Users/genesisbenedith/.m2/repository/com/dlsc/pickerfx/pickerfx/1.3.1/pickerfx-1.3.1.jar:/Users/genesisbenedith/.m2/repository/com/github/weisj/jsvg/1.2.0/jsvg-1.2.0.jar:/Users/genesisbenedith/.m2/repository/commons-validator/commons-validator/1.8.0/commons-validator-1.8.0.jar:/Users/genesisbenedith/.m2/repository/commons-beanutils/commons-beanutils/1.9.4/commons-beanutils-1.9.4.jar:/Users/genesisbenedith/.m2/repository/commons-digester/commons-digester/2.1/commons-digester-2.1.jar:/Users/genesisbenedith/.m2/repository/commons-logging/commons-logging/1.3.0/commons-logging-1.3.0.jar:/Users/genesisbenedith/.m2/repository/commons-collections/commons-collections/3.2.2/commons-collections-3.2.2.jar:/Users/genesisbenedith/.m2/repository/org/openjfx/javafx-swing/22/javafx-swing-22.jar:/Users/genesisbenedith/.m2/repository/org/openjfx/javafx-swing/22/javafx-swing-22-mac-aarch64.jar:/Users/genesisbenedith/.m2/repository/org/controlsfx/controlsfx/11.1.2/controlsfx-11.1.2.jar:/Users/genesisbenedith/.m2/repository/org/kordamp/ikonli/ikonli-core/12.3.1/ikonli-core-12.3.1.jar:/Users/genesisbenedith/.m2/repository/org/kordamp/ikonli/ikonli-javafx/12.3.1/ikonli-javafx-12.3.1.jar:/Users/genesisbenedith/.m2/repository/org/kordamp/ikonli/ikonli-materialdesign-pack/12.3.1/ikonli-materialdesign-pack-12.3.1.jar:/Users/genesisbenedith/.m2/repository/org/kordamp/ikonli/ikonli-material-pack/12.3.1/ikonli-material-pack-12.3.1.jar:/Users/genesisbenedith/.m2/repository/org/kordamp/ikonli/ikonli-bootstrapicons-pack/12.3.1/ikonli-bootstrapicons-pack-12.3.1.jar:/Users/genesisbenedith/.m2/repository/org/apache/commons/commons-lang3/3.13.0/commons-lang3-3.13.0.jar:/Users/genesisbenedith/.m2/repository/one/jpro/jproutils/tree-showing/0.2.2/tree-showing-0.2.2.jar:/Users/genesisbenedith/.m2/repository/de/sandec/JMemoryBuddy/0.5.1/JMemoryBuddy-0.5.1.jar:"/>
    <property name="java.vm.vendor" value="Homebrew"/>
    <property name="sun.arch.data.model" value="64"/>
    <property name="java.vendor.url" value="https://github.com/Homebrew/homebrew-core/issues"/>
    <property name="user.timezone" value="America/Phoenix"/>
    <property name="os.name" value="Mac OS X"/>
    <property name="java.vm.specification.version" value="23"/>
    <property name="sun.java.launcher" value="SUN_STANDARD"/>
    <property name="user.country" value="US"/>
    <property name="sun.boot.library.path" value="/opt/homebrew/Cellar/openjdk/23.0.1/libexec/openjdk.jdk/Contents/Home/lib"/>
    <property name="sun.java.command" value="/Users/genesisbenedith/Documents/GitHub/csc335Workspace/final project/financial-management-app/csc335-final-project/target/surefire/surefirebooter11869280212672032920.jar /Users/genesisbenedith/Documents/GitHub/csc335Workspace/final project/financial-management-app/csc335-final-project/target/surefire 2024-12-07T21-29-30_167-jvmRun1 surefire14972323513611486142tmp surefire_09438871887564230651tmp"/>
    <property name="http.nonProxyHosts" value="local|*.local|169.254/16|*.169.254/16"/>
    <property name="jdk.debug" value="release"/>
    <property name="surefire.test.class.path" value="/Users/genesisbenedith/Documents/GitHub/csc335Workspace/final project/financial-management-app/csc335-final-project/target/test-classes:/Users/genesisbenedith/Documents/GitHub/csc335Workspace/final project/financial-management-app/csc335-final-project/target/classes:/Users/genesisbenedith/.m2/repository/org/junit/jupiter/junit-jupiter-api/5.11.3/junit-jupiter-api-5.11.3.jar:/Users/genesisbenedith/.m2/repository/org/opentest4j/opentest4j/1.3.0/opentest4j-1.3.0.jar:/Users/genesisbenedith/.m2/repository/org/junit/platform/junit-platform-commons/1.11.3/junit-platform-commons-1.11.3.jar:/Users/genesisbenedith/.m2/repository/org/apiguardian/apiguardian-api/1.1.2/apiguardian-api-1.1.2.jar:/Users/genesisbenedith/.m2/repository/org/junit/jupiter/junit-jupiter-engine/5.11.3/junit-jupiter-engine-5.11.3.jar:/Users/genesisbenedith/.m2/repository/org/junit/platform/junit-platform-engine/1.11.3/junit-platform-engine-1.11.3.jar:/Users/genesisbenedith/.m2/repository/org/openjfx/javafx-controls/21.0.4/javafx-controls-21.0.4.jar:/Users/genesisbenedith/.m2/repository/org/openjfx/javafx-controls/21.0.4/javafx-controls-21.0.4-mac-aarch64.jar:/Users/genesisbenedith/.m2/repository/org/openjfx/javafx-graphics/21.0.4/javafx-graphics-21.0.4.jar:/Users/genesisbenedith/.m2/repository/org/openjfx/javafx-graphics/21.0.4/javafx-graphics-21.0.4-mac-aarch64.jar:/Users/genesisbenedith/.m2/repository/org/openjfx/javafx-base/21.0.4/javafx-base-21.0.4.jar:/Users/genesisbenedith/.m2/repository/org/openjfx/javafx-base/21.0.4/javafx-base-21.0.4-mac-aarch64.jar:/Users/genesisbenedith/.m2/repository/org/openjfx/javafx-fxml/21.0.4/javafx-fxml-21.0.4.jar:/Users/genesisbenedith/.m2/repository/org/openjfx/javafx-fxml/21.0.4/javafx-fxml-21.0.4-mac-aarch64.jar:/Users/genesisbenedith/.m2/repository/com/jfoenix/jfoenix/9.0.10/jfoenix-9.0.10.jar:/Users/genesisbenedith/.m2/repository/de/jensd/fontawesomefx/8.9/fontawesomefx-8.9.jar:/Users/genesisbenedith/.m2/repository/io/github/palexdev/materialfx-all/11.26.8/materialfx-all-11.26.8.jar:/Users/genesisbenedith/.m2/repository/io/github/palexdev/mfxcore/11.11.1/mfxcore-11.11.1.jar:/Users/genesisbenedith/.m2/repository/io/github/palexdev/materialfx/11.17.0/materialfx-11.17.0.jar:/Users/genesisbenedith/.m2/repository/io/github/palexdev/mfxlocalization/11.1.0/mfxlocalization-11.1.0.jar:/Users/genesisbenedith/.m2/repository/io/github/palexdev/mfxresources/11.12.0/mfxresources-11.12.0.jar:/Users/genesisbenedith/.m2/repository/io/github/palexdev/mfxcomponents/11.26.8/mfxcomponents-11.26.8.jar:/Users/genesisbenedith/.m2/repository/io/github/palexdev/mfxeffects/11.4.1/mfxeffects-11.4.1.jar:/Users/genesisbenedith/.m2/repository/io/github/palexdev/virtualizedfx/11.9.6/virtualizedfx-11.9.6.jar:/Users/genesisbenedith/.m2/repository/org/jacoco/jacoco-maven-plugin/0.8.12/jacoco-maven-plugin-0.8.12.jar:/Users/genesisbenedith/.m2/repository/org/codehaus/plexus/plexus-utils/3.0.24/plexus-utils-3.0.24.jar:/Users/genesisbenedith/.m2/repository/org/apache/maven/shared/file-management/3.1.0/file-management-3.1.0.jar:/Users/genesisbenedith/.m2/repository/org/slf4j/slf4j-api/1.7.36/slf4j-api-1.7.36.jar:/Users/genesisbenedith/.m2/repository/commons-io/commons-io/2.11.0/commons-io-2.11.0.jar:/Users/genesisbenedith/.m2/repository/org/apache/maven/reporting/maven-reporting-api/3.0/maven-reporting-api-3.0.jar:/Users/genesisbenedith/.m2/repository/org/apache/maven/doxia/doxia-sink-api/1.0/doxia-sink-api-1.0.jar:/Users/genesisbenedith/.m2/repository/org/jacoco/org.jacoco.agent/0.8.12/org.jacoco.agent-0.8.12-runtime.jar:/Users/genesisbenedith/.m2/repository/org/jacoco/org.jacoco.core/0.8.12/org.jacoco.core-0.8.12.jar:/Users/genesisbenedith/.m2/repository/org/ow2/asm/asm/9.7/asm-9.7.jar:/Users/genesisbenedith/.m2/repository/org/ow2/asm/asm-commons/9.7/asm-commons-9.7.jar:/Users/genesisbenedith/.m2/repository/org/ow2/asm/asm-tree/9.7/asm-tree-9.7.jar:/Users/genesisbenedith/.m2/repository/org/jacoco/org.jacoco.report/0.8.12/org.jacoco.report-0.8.12.jar:/Users/genesisbenedith/.m2/repository/com/dlsc/gemsfx/gemsfx/2.69.0/gemsfx-2.69.0.jar:/Users/genesisbenedith/.m2/repository/net/synedra/validatorfx/0.5.0/validatorfx-0.5.0.jar:/Users/genesisbenedith/.m2/repository/com/dlsc/unitfx/unitfx/1.0.10/unitfx-1.0.10.jar:/Users/genesisbenedith/.m2/repository/tech/units/indriya/2.1.2/indriya-2.1.2.jar:/Users/genesisbenedith/.m2/repository/javax/measure/unit-api/2.1.2/unit-api-2.1.2.jar:/Users/genesisbenedith/.m2/repository/tech/uom/lib/uom-lib-common/2.1/uom-lib-common-2.1.jar:/Users/genesisbenedith/.m2/repository/javax/inject/javax.inject/1/javax.inject-1.jar:/Users/genesisbenedith/.m2/repository/com/dlsc/pickerfx/pickerfx/1.3.1/pickerfx-1.3.1.jar:/Users/genesisbenedith/.m2/repository/com/github/weisj/jsvg/1.2.0/jsvg-1.2.0.jar:/Users/genesisbenedith/.m2/repository/commons-validator/commons-validator/1.8.0/commons-validator-1.8.0.jar:/Users/genesisbenedith/.m2/repository/commons-beanutils/commons-beanutils/1.9.4/commons-beanutils-1.9.4.jar:/Users/genesisbenedith/.m2/repository/commons-digester/commons-digester/2.1/commons-digester-2.1.jar:/Users/genesisbenedith/.m2/repository/commons-logging/commons-logging/1.3.0/commons-logging-1.3.0.jar:/Users/genesisbenedith/.m2/repository/commons-collections/commons-collections/3.2.2/commons-collections-3.2.2.jar:/Users/genesisbenedith/.m2/repository/org/openjfx/javafx-swing/22/javafx-swing-22.jar:/Users/genesisbenedith/.m2/repository/org/openjfx/javafx-swing/22/javafx-swing-22-mac-aarch64.jar:/Users/genesisbenedith/.m2/repository/org/controlsfx/controlsfx/11.1.2/controlsfx-11.1.2.jar:/Users/genesisbenedith/.m2/repository/org/kordamp/ikonli/ikonli-core/12.3.1/ikonli-core-12.3.1.jar:/Users/genesisbenedith/.m2/repository/org/kordamp/ikonli/ikonli-javafx/12.3.1/ikonli-javafx-12.3.1.jar:/Users/genesisbenedith/.m2/repository/org/kordamp/ikonli/ikonli-materialdesign-pack/12.3.1/ikonli-materialdesign-pack-12.3.1.jar:/Users/genesisbenedith/.m2/repository/org/kordamp/ikonli/ikonli-material-pack/12.3.1/ikonli-material-pack-12.3.1.jar:/Users/genesisbenedith/.m2/repository/org/kordamp/ikonli/ikonli-bootstrapicons-pack/12.3.1/ikonli-bootstrapicons-pack-12.3.1.jar:/Users/genesisbenedith/.m2/repository/org/apache/commons/commons-lang3/3.13.0/commons-lang3-3.13.0.jar:/Users/genesisbenedith/.m2/repository/one/jpro/jproutils/tree-showing/0.2.2/tree-showing-0.2.2.jar:/Users/genesisbenedith/.m2/repository/de/sandec/JMemoryBuddy/0.5.1/JMemoryBuddy-0.5.1.jar:"/>
    <property name="sun.cpu.endian" value="little"/>
    <property name="user.home" value="/Users/genesisbenedith"/>
    <property name="user.language" value="en"/>
    <property name="java.specification.vendor" value="Oracle Corporation"/>
    <property name="java.version.date" value="2024-10-15"/>
    <property name="java.home" value="/opt/homebrew/Cellar/openjdk/23.0.1/libexec/openjdk.jdk/Contents/Home"/>
    <property name="file.separator" value="/"/>
    <property name="basedir" value="/Users/genesisbenedith/Documents/GitHub/csc335Workspace/final project/financial-management-app/csc335-final-project"/>
    <property name="java.vm.compressedOopsMode" value="Zero based"/>
    <property name="line.separator" value="&#10;"/>
    <property name="java.vm.specification.vendor" value="Oracle Corporation"/>
    <property name="java.specification.name" value="Java Platform API Specification"/>
    <property name="apple.awt.application.name" value="ForkedBooter"/>
    <property name="surefire.real.class.path" value="/Users/genesisbenedith/Documents/GitHub/csc335Workspace/final project/financial-management-app/csc335-final-project/target/surefire/surefirebooter11869280212672032920.jar"/>
    <property name="sun.management.compiler" value="HotSpot 64-Bit Tiered Compilers"/>
    <property name="ftp.nonProxyHosts" value="local|*.local|169.254/16|*.169.254/16"/>
    <property name="java.runtime.version" value="23.0.1"/>
    <property name="user.name" value="genesisbenedith"/>
    <property name="stdout.encoding" value="UTF-8"/>
    <property name="path.separator" value=":"/>
    <property name="os.version" value="14.1.2"/>
    <property name="java.runtime.name" value="OpenJDK Runtime Environment"/>
    <property name="file.encoding" value="UTF-8"/>
    <property name="java.vm.name" value="OpenJDK 64-Bit Server VM"/>
    <property name="java.vendor.version" value="Homebrew"/>
    <property name="localRepository" value="/Users/genesisbenedith/.m2/repository"/>
    <property name="java.vendor.url.bug" value="https://github.com/Homebrew/homebrew-core/issues"/>
    <property name="java.io.tmpdir" value="/var/folders/vp/w0y3w28x4mbc_82x_ddd8rl00000gn/T/"/>
    <property name="java.version" value="23.0.1"/>
    <property name="user.dir" value="/Users/genesisbenedith/Documents/GitHub/csc335Workspace/final project/financial-management-app/csc335-final-project"/>
    <property name="os.arch" value="aarch64"/>
    <property name="java.vm.specification.name" value="Java Virtual Machine Specification"/>
    <property name="native.encoding" value="UTF-8"/>
    <property name="java.library.path" value="/Users/genesisbenedith/Library/Java/Extensions:/Library/Java/Extensions:/Network/Library/Java/Extensions:/System/Library/Java/Extensions:/usr/lib/java:."/>
    <property name="java.vm.info" value="mixed mode, sharing"/>
    <property name="stderr.encoding" value="UTF-8"/>
    <property name="java.vendor" value="Homebrew"/>
    <property name="java.vm.version" value="23.0.1"/>
    <property name="sun.io.unicode.encoding" value="UnicodeBig"/>
    <property name="socksNonProxyHosts" value="local|*.local|169.254/16|*.169.254/16"/>
    <property name="java.class.version" value="67.0"/>
  </properties>
  <testcase name="test_userSession" classname="csc335.app.OtherTest" time="0"/>
</testsuite>