<?xml version="1.0" encoding="UTF-8"?>
<testsuite xmlns:xsi="http://www.w3.org/2001/XMLSchema-instance" xsi:noNamespaceSchemaLocation="https://maven.apache.org/surefire/maven-surefire-plugin/xsd/surefire-test-report-3.0.xsd" version="3.0" name="csc335.app.AppTest" time="0.059" tests="1" errors="0" skipped="0" failures="0">
  <properties>
    <property name="java.specification.version" value="23"/>
    <property name="sun.cpu.isalist" value="amd64"/>
    <property name="sun.jnu.encoding" value="Cp1252"/>
    <property name="java.class.path" value="C:\Users\lbs32\OneDrive\Documents\GitHub\financial-management-app\csc335-final-project\target\test-classes;C:\Users\lbs32\OneDrive\Documents\GitHub\financial-management-app\csc335-final-project\target\classes;C:\Users\lbs32\.m2\repository\org\junit\jupiter\junit-jupiter-api\5.6.0\junit-jupiter-api-5.6.0.jar;C:\Users\lbs32\.m2\repository\org\apiguardian\apiguardian-api\1.1.0\apiguardian-api-1.1.0.jar;C:\Users\lbs32\.m2\repository\org\opentest4j\opentest4j\1.2.0\opentest4j-1.2.0.jar;C:\Users\lbs32\.m2\repository\org\junit\platform\junit-platform-commons\1.6.0\junit-platform-commons-1.6.0.jar;C:\Users\lbs32\.m2\repository\org\junit\jupiter\junit-jupiter-engine\5.6.0\junit-jupiter-engine-5.6.0.jar;C:\Users\lbs32\.m2\repository\org\junit\platform\junit-platform-engine\1.6.0\junit-platform-engine-1.6.0.jar;C:\Users\lbs32\.m2\repository\org\openjfx\javafx-controls\21\javafx-controls-21.jar;C:\Users\lbs32\.m2\repository\org\openjfx\javafx-controls\21\javafx-controls-21-win.jar;C:\Users\lbs32\.m2\repository\org\openjfx\javafx-graphics\21\javafx-graphics-21.jar;C:\Users\lbs32\.m2\repository\org\openjfx\javafx-graphics\21\javafx-graphics-21-win.jar;C:\Users\lbs32\.m2\repository\org\openjfx\javafx-base\21\javafx-base-21.jar;C:\Users\lbs32\.m2\repository\org\openjfx\javafx-base\21\javafx-base-21-win.jar;C:\Users\lbs32\.m2\repository\org\openjfx\javafx-fxml\21\javafx-fxml-21.jar;C:\Users\lbs32\.m2\repository\org\openjfx\javafx-fxml\21\javafx-fxml-21-win.jar;C:\Users\lbs32\.m2\repository\com\jfoenix\jfoenix\9.0.10\jfoenix-9.0.10.jar;C:\Users\lbs32\.m2\repository\de\jensd\fontawesomefx\8.9\fontawesomefx-8.9.jar;C:\Users\lbs32\.m2\repository\io\github\palexdev\materialfx\11.17.0\materialfx-11.17.0.jar;C:\Users\lbs32\.m2\repository\io\github\palexdev\mfxcore\11.8.0\mfxcore-11.8.0.jar;C:\Users\lbs32\.m2\repository\io\github\palexdev\mfxlocalization\11.1.0\mfxlocalization-11.1.0.jar;C:\Users\lbs32\.m2\repository\io\github\palexdev\mfxresources\11.9.1\mfxresources-11.9.1.jar;C:\Users\lbs32\.m2\repository\io\github\palexdev\mfxeffects\11.3.0\mfxeffects-11.3.0.jar;C:\Users\lbs32\.m2\repository\io\github\palexdev\virtualizedfx\11.9.6\virtualizedfx-11.9.6.jar;C:\Users\lbs32\.m2\repository\com\dlsc\gemsfx\gemsfx\2.16.0\gemsfx-2.16.0.jar;C:\Users\lbs32\.m2\repository\net\synedra\validatorfx\0.5.0\validatorfx-0.5.0.jar;C:\Users\lbs32\.m2\repository\com\dlsc\unitfx\unitfx\1.0.10\unitfx-1.0.10.jar;C:\Users\lbs32\.m2\repository\tech\units\indriya\2.1.2\indriya-2.1.2.jar;C:\Users\lbs32\.m2\repository\javax\measure\unit-api\2.1.2\unit-api-2.1.2.jar;C:\Users\lbs32\.m2\repository\tech\uom\lib\uom-lib-common\2.1\uom-lib-common-2.1.jar;C:\Users\lbs32\.m2\repository\javax\inject\javax.inject\1\javax.inject-1.jar;C:\Users\lbs32\.m2\repository\com\dlsc\pickerfx\pickerfx\1.3.1\pickerfx-1.3.1.jar;C:\Users\lbs32\.m2\repository\com\github\weisj\jsvg\1.2.0\jsvg-1.2.0.jar;C:\Users\lbs32\.m2\repository\commons-validator\commons-validator\1.7\commons-validator-1.7.jar;C:\Users\lbs32\.m2\repository\commons-beanutils\commons-beanutils\1.9.4\commons-beanutils-1.9.4.jar;C:\Users\lbs32\.m2\repository\commons-digester\commons-digester\2.1\commons-digester-2.1.jar;C:\Users\lbs32\.m2\repository\commons-collections\commons-collections\3.2.2\commons-collections-3.2.2.jar;C:\Users\lbs32\.m2\repository\com\squareup\retrofit2\retrofit\2.6.1\retrofit-2.6.1.jar;C:\Users\lbs32\.m2\repository\com\squareup\okhttp3\okhttp\3.12.0\okhttp-3.12.0.jar;C:\Users\lbs32\.m2\repository\com\squareup\okio\okio\1.15.0\okio-1.15.0.jar;C:\Users\lbs32\.m2\repository\org\openjfx\javafx-swing\22\javafx-swing-22.jar;C:\Users\lbs32\.m2\repository\org\openjfx\javafx-swing\22\javafx-swing-22-win.jar;C:\Users\lbs32\.m2\repository\org\controlsfx\controlsfx\11.1.2\controlsfx-11.1.2.jar;C:\Users\lbs32\.m2\repository\org\kordamp\ikonli\ikonli-core\12.3.1\ikonli-core-12.3.1.jar;C:\Users\lbs32\.m2\repository\org\kordamp\ikonli\ikonli-javafx\12.3.1\ikonli-javafx-12.3.1.jar;C:\Users\lbs32\.m2\repository\org\kordamp\ikonli\ikonli-materialdesign-pack\12.3.1\ikonli-materialdesign-pack-12.3.1.jar;C:\Users\lbs32\.m2\repository\org\kordamp\ikonli\ikonli-material-pack\12.3.1\ikonli-material-pack-12.3.1.jar;C:\Users\lbs32\.m2\repository\org\kordamp\ikonli\ikonli-bootstrapicons-pack\12.3.1\ikonli-bootstrapicons-pack-12.3.1.jar;C:\Users\lbs32\.m2\repository\org\apache\commons\commons-lang3\3.13.0\commons-lang3-3.13.0.jar;C:\Users\lbs32\.m2\repository\one\jpro\jproutils\tree-showing\0.2.2\tree-showing-0.2.2.jar;C:\Users\lbs32\.m2\repository\de\sandec\JMemoryBuddy\0.5.1\JMemoryBuddy-0.5.1.jar;"/>
    <property name="java.vm.vendor" value="Oracle Corporation"/>
    <property name="sun.arch.data.model" value="64"/>
    <property name="user.variant" value=""/>
    <property name="java.vendor.url" value="https://java.oracle.com/"/>
    <property name="user.timezone" value="America/Phoenix"/>
    <property name="os.name" value="Windows 11"/>
    <property name="java.vm.specification.version" value="23"/>
    <property name="sun.java.launcher" value="SUN_STANDARD"/>
    <property name="user.country" value="US"/>
    <property name="sun.boot.library.path" value="C:\Program Files\Java\jdk-23\bin"/>
    <property name="sun.java.command" value="C:\Users\lbs32\AppData\Local\Temp\surefire430125833383858510\surefirebooter14372912338978878096.jar C:\Users\lbs32\AppData\Local\Temp\surefire430125833383858510 2024-11-19T22-49-53_403-jvmRun1 surefire1691325330823047227tmp surefire_018220771479663128492tmp"/>
    <property name="jdk.debug" value="release"/>
    <property name="surefire.test.class.path" value="C:\Users\lbs32\OneDrive\Documents\GitHub\financial-management-app\csc335-final-project\target\test-classes;C:\Users\lbs32\OneDrive\Documents\GitHub\financial-management-app\csc335-final-project\target\classes;C:\Users\lbs32\.m2\repository\org\junit\jupiter\junit-jupiter-api\5.6.0\junit-jupiter-api-5.6.0.jar;C:\Users\lbs32\.m2\repository\org\apiguardian\apiguardian-api\1.1.0\apiguardian-api-1.1.0.jar;C:\Users\lbs32\.m2\repository\org\opentest4j\opentest4j\1.2.0\opentest4j-1.2.0.jar;C:\Users\lbs32\.m2\repository\org\junit\platform\junit-platform-commons\1.6.0\junit-platform-commons-1.6.0.jar;C:\Users\lbs32\.m2\repository\org\junit\jupiter\junit-jupiter-engine\5.6.0\junit-jupiter-engine-5.6.0.jar;C:\Users\lbs32\.m2\repository\org\junit\platform\junit-platform-engine\1.6.0\junit-platform-engine-1.6.0.jar;C:\Users\lbs32\.m2\repository\org\openjfx\javafx-controls\21\javafx-controls-21.jar;C:\Users\lbs32\.m2\repository\org\openjfx\javafx-controls\21\javafx-controls-21-win.jar;C:\Users\lbs32\.m2\repository\org\openjfx\javafx-graphics\21\javafx-graphics-21.jar;C:\Users\lbs32\.m2\repository\org\openjfx\javafx-graphics\21\javafx-graphics-21-win.jar;C:\Users\lbs32\.m2\repository\org\openjfx\javafx-base\21\javafx-base-21.jar;C:\Users\lbs32\.m2\repository\org\openjfx\javafx-base\21\javafx-base-21-win.jar;C:\Users\lbs32\.m2\repository\org\openjfx\javafx-fxml\21\javafx-fxml-21.jar;C:\Users\lbs32\.m2\repository\org\openjfx\javafx-fxml\21\javafx-fxml-21-win.jar;C:\Users\lbs32\.m2\repository\com\jfoenix\jfoenix\9.0.10\jfoenix-9.0.10.jar;C:\Users\lbs32\.m2\repository\de\jensd\fontawesomefx\8.9\fontawesomefx-8.9.jar;C:\Users\lbs32\.m2\repository\io\github\palexdev\materialfx\11.17.0\materialfx-11.17.0.jar;C:\Users\lbs32\.m2\repository\io\github\palexdev\mfxcore\11.8.0\mfxcore-11.8.0.jar;C:\Users\lbs32\.m2\repository\io\github\palexdev\mfxlocalization\11.1.0\mfxlocalization-11.1.0.jar;C:\Users\lbs32\.m2\repository\io\github\palexdev\mfxresources\11.9.1\mfxresources-11.9.1.jar;C:\Users\lbs32\.m2\repository\io\github\palexdev\mfxeffects\11.3.0\mfxeffects-11.3.0.jar;C:\Users\lbs32\.m2\repository\io\github\palexdev\virtualizedfx\11.9.6\virtualizedfx-11.9.6.jar;C:\Users\lbs32\.m2\repository\com\dlsc\gemsfx\gemsfx\2.16.0\gemsfx-2.16.0.jar;C:\Users\lbs32\.m2\repository\net\synedra\validatorfx\0.5.0\validatorfx-0.5.0.jar;C:\Users\lbs32\.m2\repository\com\dlsc\unitfx\unitfx\1.0.10\unitfx-1.0.10.jar;C:\Users\lbs32\.m2\repository\tech\units\indriya\2.1.2\indriya-2.1.2.jar;C:\Users\lbs32\.m2\repository\javax\measure\unit-api\2.1.2\unit-api-2.1.2.jar;C:\Users\lbs32\.m2\repository\tech\uom\lib\uom-lib-common\2.1\uom-lib-common-2.1.jar;C:\Users\lbs32\.m2\repository\javax\inject\javax.inject\1\javax.inject-1.jar;C:\Users\lbs32\.m2\repository\com\dlsc\pickerfx\pickerfx\1.3.1\pickerfx-1.3.1.jar;C:\Users\lbs32\.m2\repository\com\github\weisj\jsvg\1.2.0\jsvg-1.2.0.jar;C:\Users\lbs32\.m2\repository\commons-validator\commons-validator\1.7\commons-validator-1.7.jar;C:\Users\lbs32\.m2\repository\commons-beanutils\commons-beanutils\1.9.4\commons-beanutils-1.9.4.jar;C:\Users\lbs32\.m2\repository\commons-digester\commons-digester\2.1\commons-digester-2.1.jar;C:\Users\lbs32\.m2\repository\commons-collections\commons-collections\3.2.2\commons-collections-3.2.2.jar;C:\Users\lbs32\.m2\repository\com\squareup\retrofit2\retrofit\2.6.1\retrofit-2.6.1.jar;C:\Users\lbs32\.m2\repository\com\squareup\okhttp3\okhttp\3.12.0\okhttp-3.12.0.jar;C:\Users\lbs32\.m2\repository\com\squareup\okio\okio\1.15.0\okio-1.15.0.jar;C:\Users\lbs32\.m2\repository\org\openjfx\javafx-swing\22\javafx-swing-22.jar;C:\Users\lbs32\.m2\repository\org\openjfx\javafx-swing\22\javafx-swing-22-win.jar;C:\Users\lbs32\.m2\repository\org\controlsfx\controlsfx\11.1.2\controlsfx-11.1.2.jar;C:\Users\lbs32\.m2\repository\org\kordamp\ikonli\ikonli-core\12.3.1\ikonli-core-12.3.1.jar;C:\Users\lbs32\.m2\repository\org\kordamp\ikonli\ikonli-javafx\12.3.1\ikonli-javafx-12.3.1.jar;C:\Users\lbs32\.m2\repository\org\kordamp\ikonli\ikonli-materialdesign-pack\12.3.1\ikonli-materialdesign-pack-12.3.1.jar;C:\Users\lbs32\.m2\repository\org\kordamp\ikonli\ikonli-material-pack\12.3.1\ikonli-material-pack-12.3.1.jar;C:\Users\lbs32\.m2\repository\org\kordamp\ikonli\ikonli-bootstrapicons-pack\12.3.1\ikonli-bootstrapicons-pack-12.3.1.jar;C:\Users\lbs32\.m2\repository\org\apache\commons\commons-lang3\3.13.0\commons-lang3-3.13.0.jar;C:\Users\lbs32\.m2\repository\one\jpro\jproutils\tree-showing\0.2.2\tree-showing-0.2.2.jar;C:\Users\lbs32\.m2\repository\de\sandec\JMemoryBuddy\0.5.1\JMemoryBuddy-0.5.1.jar;"/>
    <property name="sun.cpu.endian" value="little"/>
    <property name="user.home" value="C:\Users\lbs32"/>
    <property name="user.language" value="en"/>
    <property name="java.specification.vendor" value="Oracle Corporation"/>
    <property name="java.version.date" value="2024-10-15"/>
    <property name="java.home" value="C:\Program Files\Java\jdk-23"/>
    <property name="file.separator" value="\"/>
    <property name="basedir" value="C:\Users\lbs32\OneDrive\Documents\GitHub\financial-management-app\csc335-final-project"/>
    <property name="java.vm.compressedOopsMode" value="Zero based"/>
    <property name="line.separator" value="&#10;"/>
    <property name="java.vm.specification.vendor" value="Oracle Corporation"/>
    <property name="java.specification.name" value="Java Platform API Specification"/>
    <property name="surefire.real.class.path" value="C:\Users\lbs32\AppData\Local\Temp\surefire430125833383858510\surefirebooter14372912338978878096.jar"/>
    <property name="user.script" value=""/>
    <property name="sun.management.compiler" value="HotSpot 64-Bit Tiered Compilers"/>
    <property name="java.runtime.version" value="23.0.1+11-39"/>
    <property name="user.name" value="lbs32"/>
    <property name="stdout.encoding" value="Cp1252"/>
    <property name="path.separator" value=";"/>
    <property name="os.version" value="10.0"/>
    <property name="java.runtime.name" value="Java(TM) SE Runtime Environment"/>
    <property name="file.encoding" value="UTF-8"/>
    <property name="java.vm.name" value="Java HotSpot(TM) 64-Bit Server VM"/>
    <property name="localRepository" value="C:\Users\lbs32\.m2\repository"/>
    <property name="java.vendor.url.bug" value="https://bugreport.java.com/bugreport/"/>
    <property name="java.io.tmpdir" value="C:\Users\lbs32\AppData\Local\Temp\"/>
    <property name="java.version" value="23.0.1"/>
    <property name="user.dir" value="C:\Users\lbs32\OneDrive\Documents\GitHub\financial-management-app\csc335-final-project"/>
    <property name="os.arch" value="amd64"/>
    <property name="java.vm.specification.name" value="Java Virtual Machine Specification"/>
    <property name="sun.os.patch.level" value=""/>
    <property name="native.encoding" value="Cp1252"/>
    <property name="java.library.path" value="C:\Program Files\Java\jdk-23\bin;C:\Windows\Sun\Java\bin;C:\Windows\system32;C:\Windows;C:\Program Files\Common Files\Oracle\Java\javapath;C:\Windows\system32;C:\Windows;C:\Windows\System32\Wbem;C:\Windows\System32\WindowsPowerShell\v1.0\;C:\Windows\System32\OpenSSH\;C:\Program Files\dotnet\;C:\Program Files\Git\cmd;C:\Program Files\apache-maven-3.9.9\bin;C:\Program Files\Java\jdk-23\bin;C:\Users\lbs32\AppData\Local\Microsoft\WindowsApps;C:\Users\lbs32\AppData\Local\Programs\Microsoft VS Code\bin;C:\Users\lbs32\AppData\Local\GitHubDesktop\bin;."/>
    <property name="java.vm.info" value="mixed mode, sharing"/>
    <property name="stderr.encoding" value="Cp1252"/>
    <property name="java.vendor" value="Oracle Corporation"/>
    <property name="java.vm.version" value="23.0.1+11-39"/>
    <property name="sun.io.unicode.encoding" value="UnicodeLittle"/>
    <property name="java.class.version" value="67.0"/>
  </properties>
  <testcase name="testApp" classname="csc335.app.AppTest" time="0.037"/>
</testsuite>